<?xml version="1.0" encoding="utf-8"?><testsuites name="pytest tests"><testsuite name="pytest" errors="0" failures="0" skipped="0" tests="3" time="0.019" timestamp="2026-09-04T11:42:00.623572+01:00" hostname="jenkins-smonteiro-workstation"><testcase classname="tests.test_nif_validator" name="test_positive" time="0.000" /><testcase classname="tests.test_nif_validator" name="test_negative" time="0.000" /><testcase classname="tests.test_nif_validator" name="test_dummy" time="0.000" /></testsuite></testsuites>